2019-12-05 13:28:46.405  INFO 14588 --- [main] com.dish.run.DishApplication             : Starting DishApplication on DESKTOP-68GT011 with PID 14588 (C:\Users\QUALITY\Documents\workspace-sts-3.9.10.RELEASE\dish\target\classes started by QUALITY in C:\Users\QUALITY\Documents\workspace-sts-3.9.10.RELEASE\dish)
2019-12-05 13:28:46.408  INFO 14588 --- [main] com.dish.run.DishApplication             : No active profile set, falling back to default profiles: default
2019-12-05 13:28:46.791  INFO 14588 --- [main] .s.d.r.c.RepositoryConfigurationDelegate : Bootstrapping Spring Data JPA repositories in DEFAULT mode.
2019-12-05 13:28:46.835  INFO 14588 --- [main] .s.d.r.c.RepositoryConfigurationDelegate : Finished Spring Data repository scanning in 35ms. Found 1 JPA repository interfaces.
2019-12-05 13:28:47.167  INFO 14588 --- [main] trationDelegate$BeanPostProcessorChecker : Bean 'org.springframework.transaction.annotation.ProxyTransactionManagementConfiguration' of type [org.springframework.transaction.annotation.ProxyTransactionManagementConfiguration] is not eligible for getting processed by all BeanPostProcessors (for example: not eligible for auto-proxying)
2019-12-05 13:28:47.357  INFO 14588 --- [main] o.s.b.w.embedded.tomcat.TomcatWebServer  : Tomcat initialized with port(s): 8080 (http)
2019-12-05 13:28:47.364  INFO 14588 --- [main] o.apache.catalina.core.StandardService   : Starting service [Tomcat]
2019-12-05 13:28:47.364  INFO 14588 --- [main] org.apache.catalina.core.StandardEngine  : Starting Servlet engine: [Apache Tomcat/9.0.29]
2019-12-05 13:28:47.436  INFO 14588 --- [main] o.a.c.c.C.[Tomcat].[localhost].[/]       : Initializing Spring embedded WebApplicationContext
2019-12-05 13:28:47.437  INFO 14588 --- [main] o.s.web.context.ContextLoader            : Root WebApplicationContext: initialization completed in 989 ms
2019-12-05 13:28:47.556  INFO 14588 --- [main] com.zaxxer.hikari.HikariDataSource       : HikariPool-1 - Starting...
2019-12-05 13:28:47.648  INFO 14588 --- [main] com.zaxxer.hikari.HikariDataSource       : HikariPool-1 - Start completed.
2019-12-05 13:28:47.683  INFO 14588 --- [main] o.hibernate.jpa.internal.util.LogHelper  : HHH000204: Processing PersistenceUnitInfo [name: default]
2019-12-05 13:28:47.793  INFO 14588 --- [main] org.hibernate.Version                    : HHH000412: Hibernate Core {5.4.9.Final}
2019-12-05 13:28:47.890  INFO 14588 --- [main] o.hibernate.annotations.common.Version   : HCANN000001: Hibernate Commons Annotations {5.1.0.Final}
2019-12-05 13:28:47.974  INFO 14588 --- [main] org.hibernate.dialect.Dialect            : HHH000400: Using dialect: org.hibernate.dialect.MySQL5Dialect
2019-12-05 13:28:48.409  INFO 14588 --- [main] o.h.e.t.j.p.i.JtaPlatformInitiator       : HHH000490: Using JtaPlatform implementation: [org.hibernate.engine.transaction.jta.platform.internal.NoJtaPlatform]
2019-12-05 13:28:48.416  INFO 14588 --- [main] j.LocalContainerEntityManagerFactoryBean : Initialized JPA EntityManagerFactory for persistence unit 'default'
2019-12-05 13:28:48.452  WARN 14588 --- [main] JpaBaseConfiguration$JpaWebConfiguration : spring.jpa.open-in-view is enabled by default. Therefore, database queries may be performed during view rendering. Explicitly configure spring.jpa.open-in-view to disable this warning
2019-12-05 13:28:48.763  INFO 14588 --- [main] o.s.s.web.DefaultSecurityFilterChain     : Creating filter chain: any request, [org.springframework.security.web.context.request.async.WebAsyncManagerIntegrationFilter@67a38, org.springframework.security.web.context.SecurityContextPersistenceFilter@174b8d0e, org.springframework.security.web.header.HeaderWriterFilter@14d81f2c, org.springframework.web.filter.CorsFilter@7ef4aceb, org.springframework.security.web.authentication.logout.LogoutFilter@7d95166a, org.springframework.security.web.authentication.www.BasicAuthenticationFilter@18d22ecf, org.springframework.security.web.savedrequest.RequestCacheAwareFilter@75959b0c, org.springframework.security.web.servletapi.SecurityContextHolderAwareRequestFilter@adc3344, org.springframework.security.web.authentication.AnonymousAuthenticationFilter@31b650e9, org.springframework.security.web.session.SessionManagementFilter@63c4d16, org.springframework.security.web.access.ExceptionTranslationFilter@36638b59, org.springframework.security.web.access.intercept.FilterSecurityInterceptor@74b7497b]
2019-12-05 13:28:48.877  INFO 14588 --- [main] o.s.s.concurrent.ThreadPoolTaskExecutor  : Initializing ExecutorService 'applicationTaskExecutor'
2019-12-05 13:28:49.088  INFO 14588 --- [main] o.s.b.w.embedded.tomcat.TomcatWebServer  : Tomcat started on port(s): 8080 (http) with context path ''
2019-12-05 13:28:49.091  INFO 14588 --- [main] com.dish.run.DishApplication             : Started DishApplication in 3.039 seconds (JVM running for 3.641)
2019-12-05 13:29:07.506  INFO 14588 --- [http-nio-8080-exec-2] o.a.c.c.C.[Tomcat].[localhost].[/]       : Initializing Spring DispatcherServlet 'dispatcherServlet'
2019-12-05 13:29:07.507  INFO 14588 --- [http-nio-8080-exec-2] o.s.web.servlet.DispatcherServlet        : Initializing Servlet 'dispatcherServlet'
2019-12-05 13:29:07.511  INFO 14588 --- [http-nio-8080-exec-2] o.s.web.servlet.DispatcherServlet        : Completed initialization in 4 ms
2019-12-05 13:29:07.544  WARN 14588 --- [http-nio-8080-exec-2] .w.s.m.s.DefaultHandlerExceptionResolver : Resolved [org.springframework.web.HttpMediaTypeNotSupportedException: Content type 'text/plain' not supported]
